<?xml version="1.0" encoding="UTF-8"?>
<!-- Generated by org.testng.reporters.JUnitReportReporter -->
<testsuite skipped="0" hostname="RiddhiManoj" name="qaappium.Mavenjava.AppiumTest" tests="2" failures="0" timestamp="2021-05-06T20:18:16 IST" time="0.008" errors="0">
  <testcase name="Ui" time="0.001" classname="qaappium.Mavenjava.AppiumTest"/>
  <system-out/>
  <testcase name="AppAutomation" time="0.007" classname="qaappium.Mavenjava.AppiumTest"/>
  <system-out/>
</testsuite> <!-- qaappium.Mavenjava.AppiumTest -->
