<?xml version="1.0" encoding="UTF-8"?>
<!-- Generated by org.testng.reporters.JUnitReportReporter -->
<testsuite skipped="0" hostname="RiddhiManoj" name="qaappium.Mavenjava.RESTAPITest" tests="2" failures="0" timestamp="2021-05-06T20:18:16 IST" time="0.001" errors="0">
  <testcase name="PostJira" time="0.000" classname="qaappium.Mavenjava.RESTAPITest"/>
  <system-out/>
  <testcase name="DeleteTwitter" time="0.001" classname="qaappium.Mavenjava.RESTAPITest"/>
  <system-out/>
</testsuite> <!-- qaappium.Mavenjava.RESTAPITest -->
